The system is: Windows - 10.0.18362 - AMD64
Compiling the C compiler identification source file "CMakeCCompilerId.c" succeeded.
Compiler: C:/Program Files (x86)/Microsoft Visual Studio/2019/BuildTools/VC/Tools/MSVC/14.25.28610/bin/Hostx86/x86/cl.exe 
Build flags: 
Id flags:  

The output was:
0
Microsoft (R) C/C++ Optimizing Compiler Version 19.25.28612 for x86
Copyright (C) Microsoft Corporation.  All rights reserved.

CMakeCCompilerId.c
Microsoft (R) Incremental Linker Version 14.25.28612.0
Copyright (C) Microsoft Corporation.  All rights reserved.

/out:CMakeCCompilerId.exe 
CMakeCCompilerId.obj 


Compilation of the C compiler identification source "CMakeCCompilerId.c" produced "CMakeCCompilerId.exe"

Compilation of the C compiler identification source "CMakeCCompilerId.c" produced "CMakeCCompilerId.obj"

The C compiler identification is MSVC, found in "C:/Blake Programs/LetterComplier/cmake-build-debug/CMakeFiles/3.16.5/CompilerIdC/CMakeCCompilerId.exe"

Determining if the C compiler works passed with the following output:
Change Dir: C:/Blake Programs/LetterComplier/cmake-build-debug/CMakeFiles/CMakeTmp

Run Build Command(s):nmake /nologo cmTC_c9756\fast && 	"C:\Program Files (x86)\Microsoft Visual Studio\2019\BuildTools\VC\Tools\MSVC\14.25.28610\bin\HostX86\x86\nmake.exe" -f CMakeFiles\cmTC_c9756.dir\build.make /nologo -L                  CMakeFiles\cmTC_c9756.dir\build
Building C object CMakeFiles/cmTC_c9756.dir/testCCompiler.c.obj
	"C:\PROGRA~2\Microsoft Visual Studio\2019\BuildTools\VC\Tools\MSVC\14.25.28610\bin\Hostx86\x86\cl.exe" @C:\Users\61040\AppData\Local\Temp\nm43.tmp
testCCompiler.c
Linking C executable cmTC_c9756.exe
	"C:\Program Files\JetBrains\CLion 2020.1.1\bin\cmake\win\bin\cmake.exe" -E vs_link_exe --intdir=CMakeFiles\cmTC_c9756.dir --rc="C:\PROGRA~2\Windows Kits\10\bin\10.0.18362.0\x86\rc.exe" --mt="C:\PROGRA~2\Windows Kits\10\bin\10.0.18362.0\x86\mt.exe" --manifests  -- "C:\PROGRA~2\Microsoft Visual Studio\2019\BuildTools\VC\Tools\MSVC\14.25.28610\bin\Hostx86\x86\link.exe" /nologo @CMakeFiles\cmTC_c9756.dir\objects1.rsp @C:\Users\61040\AppData\Local\Temp\nm1CB.tmp



Detecting C compiler ABI info compiled with the following output:
Change Dir: C:/Blake Programs/LetterComplier/cmake-build-debug/CMakeFiles/CMakeTmp

Run Build Command(s):nmake /nologo cmTC_c765a\fast && 	"C:\Program Files (x86)\Microsoft Visual Studio\2019\BuildTools\VC\Tools\MSVC\14.25.28610\bin\HostX86\x86\nmake.exe" -f CMakeFiles\cmTC_c765a.dir\build.make /nologo -L                  CMakeFiles\cmTC_c765a.dir\build
Building C object CMakeFiles/cmTC_c765a.dir/CMakeCCompilerABI.c.obj
	"C:\PROGRA~2\Microsoft Visual Studio\2019\BuildTools\VC\Tools\MSVC\14.25.28610\bin\Hostx86\x86\cl.exe" @C:\Users\61040\AppData\Local\Temp\nm4F6.tmp
CMakeCCompilerABI.c
Linking C executable cmTC_c765a.exe
	"C:\Program Files\JetBrains\CLion 2020.1.1\bin\cmake\win\bin\cmake.exe" -E vs_link_exe --intdir=CMakeFiles\cmTC_c765a.dir --rc="C:\PROGRA~2\Windows Kits\10\bin\10.0.18362.0\x86\rc.exe" --mt="C:\PROGRA~2\Windows Kits\10\bin\10.0.18362.0\x86\mt.exe" --manifests  -- "C:\PROGRA~2\Microsoft Visual Studio\2019\BuildTools\VC\Tools\MSVC\14.25.28610\bin\Hostx86\x86\link.exe" /nologo @CMakeFiles\cmTC_c765a.dir\objects1.rsp @C:\Users\61040\AppData\Local\Temp\nm584.tmp



